[2025-12-27 15:07:56] [ERROR] Failed to update radar cache: SQLSTATE[42S22]: Column not found: 1054 Unknown column 'city_id' in 'field list'
[2025-12-27 19:14:32] [ERROR] Failed to update radar cache: SQLSTATE[42S22]: Column not found: 1054 Unknown column 'city_id' in 'field list'
[2025-12-27 19:43:42] [ERROR] Failed to update radar cache: SQLSTATE[42S22]: Column not found: 1054 Unknown column 'city_id' in 'field list'
[2025-12-27 20:00:23] [ERROR] Failed to update radar cache: SQLSTATE[42S22]: Column not found: 1054 Unknown column 'city_id' in 'field list'
[2025-12-27 20:30:50] [ERROR] Failed to update radar cache: SQLSTATE[42S22]: Column not found: 1054 Unknown column 'city_id' in 'field list'
[2025-12-27 21:02:25] [ERROR] Failed to update radar cache: SQLSTATE[42S22]: Column not found: 1054 Unknown column 'city_id' in 'field list'
[2025-12-28 00:02:48] [ERROR] Cache hit query failed: SQLSTATE[42S22]: Column not found: 1054 Unknown column 'cache_hit' in 'field list'
[2025-12-28 00:03:23] [ERROR] Cache hit query failed: SQLSTATE[42S22]: Column not found: 1054 Unknown column 'cache_hit' in 'field list'
[2025-12-28 00:03:43] [ERROR] Cache hit query failed: SQLSTATE[42S22]: Column not found: 1054 Unknown column 'cache_hit' in 'field list'
[2025-12-28 00:03:46] [ERROR] Cache hit query failed: SQLSTATE[42S22]: Column not found: 1054 Unknown column 'cache_hit' in 'field list'
[2025-12-28 00:04:06] [ERROR] Cache hit query failed: SQLSTATE[42S22]: Column not found: 1054 Unknown column 'cache_hit' in 'field list'
[2025-12-27 22:05:05] [ERROR] Failed to update radar cache: SQLSTATE[42S22]: Column not found: 1054 Unknown column 'city_id' in 'field list'
[2025-12-28 10:07:59] [ERROR] Failed to update radar cache: SQLSTATE[42S22]: Column not found: 1054 Unknown column 'city_id' in 'field list'
[2025-12-28 10:11:02] [ERROR] Failed to update radar cache: SQLSTATE[42S22]: Column not found: 1054 Unknown column 'city_id' in 'field list'
[2025-12-28 10:16:17] [ERROR] Failed to update radar cache: SQLSTATE[42S22]: Column not found: 1054 Unknown column 'city_id' in 'field list'
[2025-12-28 10:18:28] [ERROR] Failed to update radar cache: SQLSTATE[42S22]: Column not found: 1054 Unknown column 'city_id' in 'field list'
[2025-12-28 10:18:55] [INFO] API key created
[2025-12-28 10:19:12] [ERROR] Failed to update radar cache: SQLSTATE[42S22]: Column not found: 1054 Unknown column 'city_id' in 'field list'
[2025-12-28 10:32:46] [ERROR] Failed to update radar cache: SQLSTATE[42S22]: Column not found: 1054 Unknown column 'city_id' in 'field list'
[2025-12-28 12:39:49] [ERROR] Cache hit query failed: SQLSTATE[42S22]: Column not found: 1054 Unknown column 'cache_hit' in 'field list'
[2025-12-28 11:55:07] [ERROR] Failed to update radar cache: SQLSTATE[42S22]: Column not found: 1054 Unknown column 'city_id' in 'field list'
[2025-12-28 14:21:44] [ERROR] Cache hit query failed: SQLSTATE[42S22]: Column not found: 1054 Unknown column 'cache_hit' in 'field list'
[2025-12-28 14:23:43] [ERROR] Cache hit query failed: SQLSTATE[42S22]: Column not found: 1054 Unknown column 'cache_hit' in 'field list'
[2025-12-28 14:24:40] [ERROR] Cache hit query failed: SQLSTATE[42S22]: Column not found: 1054 Unknown column 'cache_hit' in 'field list'
[2025-12-28 14:26:42] [ERROR] Cache hit query failed: SQLSTATE[42S22]: Column not found: 1054 Unknown column 'cache_hit' in 'field list'
[2025-12-28 12:28:11] [ERROR] Failed to update radar cache: SQLSTATE[42S22]: Column not found: 1054 Unknown column 'city_id' in 'field list'
[2025-12-28 12:31:09] [ERROR] Failed to update radar cache: SQLSTATE[42S22]: Column not found: 1054 Unknown column 'city_id' in 'field list'
[2025-12-28 12:31:52] [ERROR] Failed to update radar cache: SQLSTATE[42S22]: Column not found: 1054 Unknown column 'city_id' in 'field list'
[2025-12-28 12:47:15] [ERROR] Failed to update radar cache: SQLSTATE[42S22]: Column not found: 1054 Unknown column 'city_id' in 'field list'
[2025-12-28 15:41:55] [ERROR] Failed to update radar cache: SQLSTATE[42S22]: Column not found: 1054 Unknown column 'city_id' in 'field list'
[2025-12-28 15:47:26] [ERROR] Failed to update radar cache: SQLSTATE[42S22]: Column not found: 1054 Unknown column 'city_id' in 'field list'
[2025-12-28 17:47:40] [INFO] User 2 added Shashamane
[2025-12-28 15:47:46] [ERROR] Failed to update radar cache: SQLSTATE[42S22]: Column not found: 1054 Unknown column 'city_id' in 'field list'
[2025-12-28 17:48:32] [INFO] User 2 set default city 25
[2025-12-28 15:48:36] [ERROR] Failed to update radar cache: SQLSTATE[42S22]: Column not found: 1054 Unknown column 'city_id' in 'field list'
[2025-12-28 15:49:36] [INFO] API key created
[2025-12-28 15:54:19] [ERROR] Failed to update radar cache: SQLSTATE[42S22]: Column not found: 1054 Unknown column 'city_id' in 'field list'
[2025-12-28 15:54:35] [ERROR] Failed to update radar cache: SQLSTATE[42S22]: Column not found: 1054 Unknown column 'city_id' in 'field list'
[2025-12-28 19:43:02] [ERROR] Radar cache lookup failed: SQLSTATE[42S22]: Column not found: 1054 Unknown column 'city_id' in 'where clause'
[2025-12-28 19:43:12] [ERROR] Radar cache lookup failed: SQLSTATE[42S22]: Column not found: 1054 Unknown column 'city_id' in 'where clause'
[2025-12-28 21:43:26] [INFO] User 6 added Shashamane
[2025-12-28 19:43:29] [ERROR] Radar cache lookup failed: SQLSTATE[42S22]: Column not found: 1054 Unknown column 'city_id' in 'where clause'
[2025-12-28 21:43:46] [INFO] User 6 set default city 1
[2025-12-28 19:43:49] [ERROR] Radar cache lookup failed: SQLSTATE[42S22]: Column not found: 1054 Unknown column 'city_id' in 'where clause'
[2025-12-28 21:43:55] [INFO] User 6 set theme dark
[2025-12-28 19:43:58] [ERROR] Radar cache lookup failed: SQLSTATE[42S22]: Column not found: 1054 Unknown column 'city_id' in 'where clause'
[2025-12-28 21:44:03] [INFO] User 6 set default city 1
[2025-12-28 19:44:05] [ERROR] Radar cache lookup failed: SQLSTATE[42S22]: Column not found: 1054 Unknown column 'city_id' in 'where clause'
[2025-12-28 19:49:17] [ERROR] Radar cache lookup failed: SQLSTATE[42S22]: Column not found: 1054 Unknown column 'city_id' in 'where clause'
[2025-12-28 19:54:29] [ERROR] Radar cache lookup failed: SQLSTATE[42S22]: Column not found: 1054 Unknown column 'city_id' in 'where clause'
[2025-12-28 19:54:31] [ERROR] Radar cache lookup failed: SQLSTATE[42S22]: Column not found: 1054 Unknown column 'city_id' in 'where clause'
[2025-12-28 20:11:17] [ERROR] Radar cache lookup failed: SQLSTATE[42S22]: Column not found: 1054 Unknown column 'city_id' in 'where clause'
[2025-12-28 20:13:55] [ERROR] Failed to update radar cache: SQLSTATE[42S22]: Column not found: 1054 Unknown column 'city_id' in 'field list'
[2025-12-28 20:15:07] [ERROR] Failed to update radar cache: SQLSTATE[42S22]: Column not found: 1054 Unknown column 'city_id' in 'field list'
[2025-12-28 20:15:44] [ERROR] Failed to update radar cache: SQLSTATE[42S22]: Column not found: 1054 Unknown column 'city_id' in 'field list'
[2025-12-28 20:18:23] [ERROR] Failed to update radar cache: SQLSTATE[42S22]: Column not found: 1054 Unknown column 'city_id' in 'field list'
[2025-12-29 07:50:13] [ERROR] Failed to update radar cache: SQLSTATE[42S22]: Column not found: 1054 Unknown column 'city_id' in 'field list'
[2025-12-29 07:51:35] [ERROR] Failed to update radar cache: SQLSTATE[42S22]: Column not found: 1054 Unknown column 'city_id' in 'field list'
[2025-12-29 07:55:33] [ERROR] Failed to update radar cache: SQLSTATE[42S22]: Column not found: 1054 Unknown column 'city_id' in 'field list'
[2025-12-29 07:57:34] [ERROR] Failed to update radar cache: SQLSTATE[42S22]: Column not found: 1054 Unknown column 'city_id' in 'field list'
[2025-12-29 09:57:54] [INFO] User 7 added Shashamane
[2025-12-29 07:58:09] [ERROR] Failed to update radar cache: SQLSTATE[42S22]: Column not found: 1054 Unknown column 'city_id' in 'field list'
[2025-12-29 07:58:37] [ERROR] Failed to update radar cache: SQLSTATE[42S22]: Column not found: 1054 Unknown column 'city_id' in 'field list'
[2025-12-29 09:59:03] [INFO] User 7 set default city 1
[2025-12-29 07:59:14] [ERROR] Failed to update radar cache: SQLSTATE[42S22]: Column not found: 1054 Unknown column 'city_id' in 'field list'
[2025-12-29 09:59:16] [INFO] User 7 set theme dark
[2025-12-29 07:59:48] [ERROR] Radar cache lookup failed: SQLSTATE[42S22]: Column not found: 1054 Unknown column 'city_id' in 'where clause'
[2025-12-29 08:00:19] [INFO] API key created
[2025-12-29 08:53:59] [ERROR] Failed to update radar cache: SQLSTATE[42S22]: Column not found: 1054 Unknown column 'city_id' in 'field list'
[2025-12-29 09:25:38] [ERROR] Failed to update radar cache: SQLSTATE[42S22]: Column not found: 1054 Unknown column 'city_id' in 'field list'
[2025-12-29 09:46:16] [ERROR] Failed to update radar cache: SQLSTATE[42S22]: Column not found: 1054 Unknown column 'city_id' in 'field list'
[2025-12-29 09:46:26] [ERROR] Failed to update radar cache: SQLSTATE[42S22]: Column not found: 1054 Unknown column 'city_id' in 'field list'
[2025-12-29 09:54:30] [INFO] Radar served for Addis Ababa
[2025-12-29 10:07:32] [INFO] Radar served for Addis Ababa
[2025-12-29 10:21:18] [INFO] Radar served for Addis Ababa
[2025-12-29 10:21:29] [INFO] Radar served for Addis Ababa
[2025-12-29 11:40:16] [INFO] Radar served for Addis Ababa
[2025-12-29 12:01:02] [INFO] Radar served for Addis Ababa
[2025-12-29 12:05:09] [INFO] Radar served for Addis Ababa
[2025-12-29 12:19:01] [WARN] API failed, serving cached radar for Addis Ababa
[2025-12-29 12:36:20] [INFO] Radar served for Addis Ababa
[2025-12-29 12:40:02] [INFO] Radar served for Addis Ababa
[2025-12-29 12:46:52] [INFO] Radar served for Addis Ababa
[2025-12-29 13:12:51] [INFO] Radar served for Addis Ababa
[2025-12-29 13:27:21] [INFO] Radar served for Addis Ababa
[2025-12-29 13:35:20] [INFO] Radar served for Addis Ababa
[2025-12-29 13:35:27] [INFO] Radar served for Addis Ababa
[2025-12-29 13:50:50] [INFO] API key created
[2025-12-29 14:02:23] [INFO] Radar served for Addis Ababa
[2025-12-29 16:04:02] [ERROR] Health check failed for Oromia (Cache): SQLSTATE[42S22]: Column not found: 1054 Unknown column 'region' in 'where clause'
[2025-12-29 16:04:02] [ERROR] Health check failed for South (Cache): SQLSTATE[42S22]: Column not found: 1054 Unknown column 'region' in 'where clause'
[2025-12-29 16:04:02] [ERROR] Health check failed for Amhara (Cache): SQLSTATE[42S22]: Column not found: 1054 Unknown column 'region' in 'where clause'
[2025-12-29 16:04:02] [ERROR] Health check failed for Addis Ababa (Cache): SQLSTATE[42S22]: Column not found: 1054 Unknown column 'region' in 'where clause'
[2025-12-29 16:04:13] [ERROR] Failed to fetch cache entries: SQLSTATE[42S22]: Column not found: 1054 Unknown column 'region' in 'field list'
[2025-12-29 16:08:04] [ERROR] Health check failed for Oromia (Cache): SQLSTATE[42S22]: Column not found: 1054 Unknown column 'region' in 'where clause'
[2025-12-29 16:08:04] [ERROR] Health check failed for South (Cache): SQLSTATE[42S22]: Column not found: 1054 Unknown column 'region' in 'where clause'
[2025-12-29 16:08:04] [ERROR] Health check failed for Amhara (Cache): SQLSTATE[42S22]: Column not found: 1054 Unknown column 'region' in 'where clause'
[2025-12-29 16:08:04] [ERROR] Health check failed for Addis Ababa (Cache): SQLSTATE[42S22]: Column not found: 1054 Unknown column 'region' in 'where clause'
[2025-12-29 16:12:16] [ERROR] Failed to fetch cache entries: SQLSTATE[42S22]: Column not found: 1054 Unknown column 'region' in 'field list'
[2025-12-29 16:18:51] [ERROR] Failed to fetch cache entries: SQLSTATE[42S22]: Column not found: 1054 Unknown column 'region' in 'field list'
[2025-12-29 16:26:13] [ERROR] Failed to fetch cache entries: SQLSTATE[42S22]: Column not found: 1054 Unknown column 'region' in 'field list'
[2025-12-29 16:26:36] [ERROR] Health check failed for Oromia (Cache): SQLSTATE[42S22]: Column not found: 1054 Unknown column 'region' in 'where clause'
[2025-12-29 16:26:36] [ERROR] Health check failed for South (Cache): SQLSTATE[42S22]: Column not found: 1054 Unknown column 'region' in 'where clause'
[2025-12-29 16:26:36] [ERROR] Health check failed for Amhara (Cache): SQLSTATE[42S22]: Column not found: 1054 Unknown column 'region' in 'where clause'
[2025-12-29 16:26:36] [ERROR] Health check failed for Addis Ababa (Cache): SQLSTATE[42S22]: Column not found: 1054 Unknown column 'region' in 'where clause'
[2025-12-29 14:28:06] [INFO] Radar served for Addis Ababa
[2025-12-29 14:28:39] [INFO] Radar served for Addis Ababa
[2025-12-29 14:29:54] [INFO] Radar served for Addis Ababa
[2025-12-29 14:31:48] [INFO] Radar served for Addis Ababa
[2025-12-29 14:36:16] [INFO] Radar served for Addis Ababa
[2025-12-29 14:39:00] [INFO] Radar served for Addis Ababa
[2025-12-29 15:12:11] [INFO] Radar served for Addis Ababa
[2025-12-29 15:12:54] [INFO] Radar served for Addis Ababa
[2025-12-29 15:16:58] [INFO] Radar served for Addis Ababa
[2025-12-29 15:20:22] [INFO] Radar served for Addis Ababa
[2025-12-29 15:30:05] [INFO] Radar served for Addis Ababa
[2025-12-29 15:38:13] [INFO] Radar served for Addis Ababa
[2025-12-29 15:44:11] [INFO] Radar served for Addis Ababa
[2025-12-29 15:44:19] [INFO] Radar served for Addis Ababa
[2025-12-29 15:44:59] [INFO] Radar served for Addis Ababa
[2025-12-29 15:47:39] [INFO] Radar served for Addis Ababa
[2025-12-29 15:51:22] [INFO] Radar served for Addis Ababa
[2025-12-29 15:54:00] [INFO] Radar served for Addis Ababa
[2025-12-29 15:57:49] [INFO] Radar served for Addis Ababa
[2025-12-29 17:58:17] [INFO] User 2 added Bahir Dar
[2025-12-29 15:58:24] [INFO] Radar served for Addis Ababa
[2025-12-29 17:58:49] [INFO] User 2 set default city 25
[2025-12-29 15:58:54] [INFO] Radar served for Addis Ababa
[2025-12-29 15:59:08] [INFO] API key created
[2025-12-29 15:59:32] [INFO] Radar served for Addis Ababa
[2025-12-29 16:00:16] [INFO] Radar served for Addis Ababa
[2025-12-29 16:00:27] [INFO] Radar served for Addis Ababa
[2025-12-29 16:00:40] [INFO] Radar served for Addis Ababa
[2025-12-29 16:02:16] [INFO] Radar served for Addis Ababa
[2025-12-29 16:14:00] [INFO] Radar served for Addis Ababa
[2025-12-29 16:19:13] [INFO] Radar served for Addis Ababa
[2025-12-29 18:19:15] [ERROR] Favorite alerts failed: SQLSTATE[42S22]: Column not found: 1054 Unknown column 'region' in 'where clause'
[2025-12-29 18:20:21] [ERROR] Favorite alerts failed: SQLSTATE[42S22]: Column not found: 1054 Unknown column 'region' in 'where clause'
[2025-12-29 16:20:58] [INFO] Radar served for Addis Ababa
[2025-12-29 18:21:00] [ERROR] Favorite alerts failed: SQLSTATE[42S22]: Column not found: 1054 Unknown column 'region' in 'where clause'
[2025-12-29 18:23:37] [ERROR] Favorite alerts failed: SQLSTATE[42S22]: Column not found: 1054 Unknown column 'region' in 'where clause'
[2025-12-29 18:23:39] [ERROR] Favorite alerts failed: SQLSTATE[42S22]: Column not found: 1054 Unknown column 'region' in 'where clause'
[2025-12-29 18:23:40] [ERROR] Favorite alerts failed: SQLSTATE[42S22]: Column not found: 1054 Unknown column 'region' in 'where clause'
[2025-12-29 18:23:40] [ERROR] Favorite alerts failed: SQLSTATE[42S22]: Column not found: 1054 Unknown column 'region' in 'where clause'
[2025-12-29 18:26:00] [ERROR] Favorite alerts failed: SQLSTATE[42S22]: Column not found: 1054 Unknown column 'region' in 'where clause'
[2025-12-29 18:27:56] [ERROR] Favorite alerts failed: SQLSTATE[42S22]: Column not found: 1054 Unknown column 'region' in 'where clause'
[2025-12-29 18:27:59] [ERROR] Favorite alerts failed: SQLSTATE[42S22]: Column not found: 1054 Unknown column 'region' in 'where clause'
[2025-12-29 18:31:21] [ERROR] Favorite alerts failed: SQLSTATE[42S22]: Column not found: 1054 Unknown column 'region' in 'where clause'
[2025-12-29 18:31:44] [ERROR] Favorite alerts failed: SQLSTATE[42S22]: Column not found: 1054 Unknown column 'region' in 'where clause'
[2025-12-29 18:35:03] [INFO] Favorite alerts fetched
[2025-12-29 18:35:10] [INFO] Favorite alerts fetched
[2025-12-29 16:35:20] [INFO] Radar served for Addis Ababa
[2025-12-29 18:35:22] [INFO] User 2 removed city 27
[2025-12-29 16:35:27] [INFO] Radar served for Addis Ababa
[2025-12-29 16:36:29] [INFO] Radar served for Addis Ababa
[2025-12-29 16:36:42] [INFO] Radar served for Addis Ababa
[2025-12-29 18:37:39] [ERROR] Health check failed for Oromia (Cache): SQLSTATE[42S22]: Column not found: 1054 Unknown column 'region' in 'where clause'
[2025-12-29 18:37:39] [ERROR] Health check failed for South (Cache): SQLSTATE[42S22]: Column not found: 1054 Unknown column 'region' in 'where clause'
[2025-12-29 18:37:39] [ERROR] Health check failed for Amhara (Cache): SQLSTATE[42S22]: Column not found: 1054 Unknown column 'region' in 'where clause'
[2025-12-29 18:37:39] [ERROR] Health check failed for Addis Ababa (Cache): SQLSTATE[42S22]: Column not found: 1054 Unknown column 'region' in 'where clause'
[2025-12-29 18:37:44] [ERROR] Failed to fetch cache entries: SQLSTATE[42S22]: Column not found: 1054 Unknown column 'region' in 'field list'
[2025-12-29 18:37:57] [ERROR] Failed to fetch cache entries: SQLSTATE[42S22]: Column not found: 1054 Unknown column 'region' in 'field list'
[2025-12-29 18:38:14] [ERROR] Failed to fetch cache entries: SQLSTATE[42S22]: Column not found: 1054 Unknown column 'region' in 'field list'
[2025-12-29 18:38:20] [INFO] Cache cleared by admin
[2025-12-29 18:38:20] [ERROR] Failed to fetch cache entries: SQLSTATE[42S22]: Column not found: 1054 Unknown column 'region' in 'field list'
[2025-12-29 18:38:25] [ERROR] Failed to fetch cache entries: SQLSTATE[42S22]: Column not found: 1054 Unknown column 'region' in 'field list'
[2025-12-29 17:37:29] [INFO] Radar served for Addis Ababa
[2025-12-29 17:37:37] [INFO] Radar served for Addis Ababa
[2025-12-29 19:39:38] [ERROR] Health check failed for Oromia (Cache): SQLSTATE[42S22]: Column not found: 1054 Unknown column 'region' in 'where clause'
[2025-12-29 19:39:38] [ERROR] Health check failed for South (Cache): SQLSTATE[42S22]: Column not found: 1054 Unknown column 'region' in 'where clause'
[2025-12-29 19:39:38] [ERROR] Health check failed for Amhara (Cache): SQLSTATE[42S22]: Column not found: 1054 Unknown column 'region' in 'where clause'
[2025-12-29 19:39:38] [ERROR] Health check failed for Addis Ababa (Cache): SQLSTATE[42S22]: Column not found: 1054 Unknown column 'region' in 'where clause'
[2025-12-29 19:40:34] [ERROR] Cache hit query failed: SQLSTATE[42S22]: Column not found: 1054 Unknown column 'cache_hit' in 'field list'
[2025-12-29 19:40:45] [ERROR] Cache hit query failed: SQLSTATE[42S22]: Column not found: 1054 Unknown column 'cache_hit' in 'field list'
[2025-12-29 19:41:31] [ERROR] Cache hit query failed: SQLSTATE[42S22]: Column not found: 1054 Unknown column 'cache_hit' in 'field list'
[2025-12-29 19:41:36] [ERROR] Failed to fetch cache entries: SQLSTATE[42S22]: Column not found: 1054 Unknown column 'region' in 'field list'
[2025-12-29 19:41:46] [ERROR] Failed to fetch cache entries: SQLSTATE[42S22]: Column not found: 1054 Unknown column 'region' in 'field list'
[2025-12-29 19:44:00] [ERROR] Cache hit query failed: SQLSTATE[42S22]: Column not found: 1054 Unknown column 'cache_hit' in 'field list'
[2025-12-29 19:44:02] [ERROR] Health check failed for Oromia (Cache): SQLSTATE[42S22]: Column not found: 1054 Unknown column 'region' in 'where clause'
[2025-12-29 19:44:02] [ERROR] Health check failed for South (Cache): SQLSTATE[42S22]: Column not found: 1054 Unknown column 'region' in 'where clause'
[2025-12-29 19:44:02] [ERROR] Health check failed for Amhara (Cache): SQLSTATE[42S22]: Column not found: 1054 Unknown column 'region' in 'where clause'
[2025-12-29 19:44:02] [ERROR] Health check failed for Addis Ababa (Cache): SQLSTATE[42S22]: Column not found: 1054 Unknown column 'region' in 'where clause'
[2025-12-29 19:44:35] [ERROR] Failed to fetch cache entries: SQLSTATE[42S22]: Column not found: 1054 Unknown column 'region' in 'field list'
[2025-12-29 19:44:43] [INFO] Cache cleared by admin
[2025-12-29 19:44:43] [ERROR] Failed to fetch cache entries: SQLSTATE[42S22]: Column not found: 1054 Unknown column 'region' in 'field list'
[2025-12-29 19:45:21] [ERROR] Failed to fetch cache entries: SQLSTATE[42S22]: Column not found: 1054 Unknown column 'region' in 'field list'
[2025-12-29 19:49:39] [ERROR] Failed to fetch cache entries: SQLSTATE[42S22]: Column not found: 1054 Unknown column 'region' in 'field list'
[2025-12-29 19:49:43] [ERROR] Failed to fetch cache entries: SQLSTATE[42S22]: Column not found: 1054 Unknown column 'region' in 'field list'
[2025-12-29 19:49:44] [ERROR] Failed to fetch cache entries: SQLSTATE[42S22]: Column not found: 1054 Unknown column 'region' in 'field list'
[2025-12-29 19:49:53] [ERROR] Failed to fetch cache entries: SQLSTATE[42S22]: Column not found: 1054 Unknown column 'region' in 'field list'
[2025-12-29 19:50:36] [ERROR] Failed to fetch cache entries: SQLSTATE[42S22]: Column not found: 1054 Unknown column 'region' in 'field list'
[2025-12-29 19:50:37] [ERROR] Failed to fetch cache entries: SQLSTATE[42S22]: Column not found: 1054 Unknown column 'region' in 'field list'
[2025-12-29 19:50:38] [ERROR] Failed to fetch cache entries: SQLSTATE[42S22]: Column not found: 1054 Unknown column 'region' in 'field list'
[2025-12-29 19:50:44] [INFO] Cache cleared by admin
[2025-12-29 19:50:44] [ERROR] Failed to fetch cache entries: SQLSTATE[42S22]: Column not found: 1054 Unknown column 'region' in 'field list'
[2025-12-29 19:50:52] [ERROR] Failed to fetch cache entries: SQLSTATE[42S22]: Column not found: 1054 Unknown column 'region' in 'field list'
[2025-12-29 19:50:56] [ERROR] Failed to fetch cache entries: SQLSTATE[42S22]: Column not found: 1054 Unknown column 'region' in 'field list'
[2025-12-29 19:51:01] [INFO] Cache cleared by admin
[2025-12-29 19:51:01] [ERROR] Failed to fetch cache entries: SQLSTATE[42S22]: Column not found: 1054 Unknown column 'region' in 'field list'
[2025-12-29 19:51:42] [INFO] Cache cleared for city_id 25
[2025-12-29 19:51:54] [INFO] Cache cleared for city_id 28
[2025-12-29 19:52:08] [INFO] Cache cleared for city_id 26
[2025-12-29 19:52:49] [INFO] Cache cleared for city_id 28
